# JRE version: OpenJDK Runtime Environment (8.0_152-b01) (build 1.8.0_152-release-1024-b01)
# Java VM: OpenJDK 64-Bit Server VM (25.152-b01 mixed mode linux-amd64 compressed oops)
Heap:
 PSYoungGen      total 385536K, used 219487K [0x00000000e0000000, 0x00000000f9380000, 0x0000000100000000)
  eden space 360960K, 58% used [0x00000000e0000000,0x00000000ecf226f8,0x00000000f6080000)
  from space 24576K, 30% used [0x00000000f7b80000,0x00000000f82b5768,0x00000000f9380000)
  to   space 26112K, 0% used [0x00000000f6080000,0x00000000f6080000,0x00000000f7a00000)
 ParOldGen       total 146432K, used 47953K [0x00000000a0000000, 0x00000000a8f00000, 0x00000000e0000000)
  object space 146432K, 32% used [0x00000000a0000000,0x00000000a2ed4548,0x00000000a8f00000)
 Metaspace       used 76319K, capacity 79706K, committed 79832K, reserved 1118208K
  class space    used 10033K, capacity 10694K, committed 10752K, reserved 1048576K
GC Heap History (10 events):
Event: 40.777 GC heap before
{Heap before GC invocations=15 (full 3):
 PSYoungGen      total 168960K, used 147785K [0x00000000e0000000, 0x00000000eda00000, 0x0000000100000000)
  eden space 148480K, 99% used [0x00000000e0000000,0x00000000e90527f0,0x00000000e9100000)
  from space 20480K, 0% used [0x00000000e9100000,0x00000000e9100000,0x00000000ea500000)
  to   space 23552K, 0% used [0x00000000ec300000,0x00000000ec300000,0x00000000eda00000)
 ParOldGen       total 146432K, used 34735K [0x00000000a0000000, 0x00000000a8f00000, 0x00000000e0000000)
  object space 146432K, 23% used [0x00000000a0000000,0x00000000a21ebc70,0x00000000a8f00000)
 Metaspace       used 62526K, capacity 64504K, committed 64728K, reserved 1105920K
  class space    used 8399K, capacity 8849K, committed 8960K, reserved 1048576K
Event: 40.789 GC heap after
Heap after GC invocations=15 (full 3):
 PSYoungGen      total 200192K, used 13464K [0x00000000e0000000, 0x00000000edb00000, 0x0000000100000000)
  eden space 176640K, 0% used [0x00000000e0000000,0x00000000e0000000,0x00000000eac80000)
  from space 23552K, 57% used [0x00000000ec300000,0x00000000ed0263f8,0x00000000eda00000)
  to   space 23040K, 0% used [0x00000000eac80000,0x00000000eac80000,0x00000000ec300000)
 ParOldGen       total 146432K, used 34751K [0x00000000a0000000, 0x00000000a8f00000, 0x00000000e0000000)
  object space 146432K, 23% used [0x00000000a0000000,0x00000000a21efc70,0x00000000a8f00000)
 Metaspace       used 62526K, capacity 64504K, committed 64728K, reserved 1105920K
  class space    used 8399K, capacity 8849K, committed 8960K, reserved 1048576K
}
Event: 40.826 GC heap before
{Heap before GC invocations=16 (full 3):
 PSYoungGen      total 200192K, used 189228K [0x00000000e0000000, 0x00000000edb00000, 0x0000000100000000)
  eden space 176640K, 99% used [0x00000000e0000000,0x00000000eaba4f40,0x00000000eac80000)
  from space 23552K, 57% used [0x00000000ec300000,0x00000000ed0263f8,0x00000000eda00000)
  to   space 23040K, 0% used [0x00000000eac80000,0x00000000eac80000,0x00000000ec300000)
 ParOldGen       total 146432K, used 34751K [0x00000000a0000000, 0x00000000a8f00000, 0x00000000e0000000)
  object space 146432K, 23% used [0x00000000a0000000,0x00000000a21efc70,0x00000000a8f00000)
 Metaspace       used 62536K, capacity 64568K, committed 64728K, reserved 1105920K
  class space    used 8399K, capacity 8849K, committed 8960K, reserved 1048576K
Event: 40.837 GC heap after
Heap after GC invocations=16 (full 3):
 PSYoungGen      total 199680K, used 11865K [0x00000000e0000000, 0x00000000f2a00000, 0x0000000100000000)
  eden space 176640K, 0% used [0x00000000e0000000,0x00000000e0000000,0x00000000eac80000)
  from space 23040K, 51% used [0x00000000eac80000,0x00000000eb8164a8,0x00000000ec300000)
  to   space 22016K, 0% used [0x00000000f1480000,0x00000000f1480000,0x00000000f2a00000)
 ParOldGen       total 146432K, used 34759K [0x00000000a0000000, 0x00000000a8f00000, 0x00000000e0000000)
  object space 146432K, 23% used [0x00000000a0000000,0x00000000a21f1c70,0x00000000a8f00000)
 Metaspace       used 62536K, capacity 64568K, committed 64728K, reserved 1105920K
  class space    used 8399K, capacity 8849K, committed 8960K, reserved 1048576K
}
Event: 44.014 GC heap before
{Heap before GC invocations=17 (full 3):
 PSYoungGen      total 199680K, used 188505K [0x00000000e0000000, 0x00000000f2a00000, 0x0000000100000000)
  eden space 176640K, 100% used [0x00000000e0000000,0x00000000eac80000,0x00000000eac80000)
  from space 23040K, 51% used [0x00000000eac80000,0x00000000eb8164a8,0x00000000ec300000)
  to   space 22016K, 0% used [0x00000000f1480000,0x00000000f1480000,0x00000000f2a00000)
 ParOldGen       total 146432K, used 34759K [0x00000000a0000000, 0x00000000a8f00000, 0x00000000e0000000)
  object space 146432K, 23% used [0x00000000a0000000,0x00000000a21f1c70,0x00000000a8f00000)
 Metaspace       used 70022K, capacity 72904K, committed 73048K, reserved 1112064K
  class space    used 9409K, capacity 9995K, committed 10112K, reserved 1048576K
Event: 44.031 GC heap after
Heap after GC invocations=17 (full 3):
 PSYoungGen      total 278016K, used 21628K [0x00000000e0000000, 0x00000000f2b00000, 0x0000000100000000)
  eden space 256000K, 0% used [0x00000000e0000000,0x00000000e0000000,0x00000000efa00000)
  from space 22016K, 98% used [0x00000000f1480000,0x00000000f299f3e0,0x00000000f2a00000)
  to   space 25088K, 0% used [0x00000000efa00000,0x00000000efa00000,0x00000000f1280000)
 ParOldGen       total 146432K, used 34767K [0x00000000a0000000, 0x00000000a8f00000, 0x00000000e0000000)
  object space 146432K, 23% used [0x00000000a0000000,0x00000000a21f3c70,0x00000000a8f00000)
 Metaspace       used 70022K, capacity 72904K, committed 73048K, reserved 1112064K
  class space    used 9409K, capacity 9995K, committed 10112K, reserved 1048576K
}
Event: 196.321 GC heap before
{Heap before GC invocations=18 (full 3):
 PSYoungGen      total 278016K, used 277628K [0x00000000e0000000, 0x00000000f2b00000, 0x0000000100000000)
  eden space 256000K, 100% used [0x00000000e0000000,0x00000000efa00000,0x00000000efa00000)
  from space 22016K, 98% used [0x00000000f1480000,0x00000000f299f3e0,0x00000000f2a00000)
  to   space 25088K, 0% used [0x00000000efa00000,0x00000000efa00000,0x00000000f1280000)
 ParOldGen       total 146432K, used 34767K [0x00000000a0000000, 0x00000000a8f00000, 0x00000000e0000000)
  object space 146432K, 23% used [0x00000000a0000000,0x00000000a21f3c70,0x00000000a8f00000)
 Metaspace       used 75683K, capacity 78860K, committed 79064K, reserved 1118208K
  class space    used 10008K, capacity 10651K, committed 10752K, reserved 1048576K
Event: 196.365 GC heap after
Heap after GC invocations=18 (full 3):
 PSYoungGen      total 281088K, used 19843K [0x00000000e0000000, 0x00000000f9580000, 0x0000000100000000)
  eden space 256000K, 0% used [0x00000000e0000000,0x00000000e0000000,0x00000000efa00000)
  from space 25088K, 79% used [0x00000000efa00000,0x00000000f0d60c00,0x00000000f1280000)
  to   space 26624K, 0% used [0x00000000f7b80000,0x00000000f7b80000,0x00000000f9580000)
 ParOldGen       total 146432K, used 45529K [0x00000000a0000000, 0x00000000a8f00000, 0x00000000e0000000)
  object space 146432K, 31% used [0x00000000a0000000,0x00000000a2c76458,0x00000000a8f00000)
 Metaspace       used 75683K, capacity 78860K, committed 79064K, reserved 1118208K
  class space    used 10008K, capacity 10651K, committed 10752K, reserved 1048576K
}
Event: 197.284 GC heap before
{Heap before GC invocations=19 (full 3):
 PSYoungGen      total 281088K, used 275663K [0x00000000e0000000, 0x00000000f9580000, 0x0000000100000000)
  eden space 256000K, 99% used [0x00000000e0000000,0x00000000ef9d30b8,0x00000000efa00000)
  from space 25088K, 79% used [0x00000000efa00000,0x00000000f0d60c00,0x00000000f1280000)
  to   space 26624K, 0% used [0x00000000f7b80000,0x00000000f7b80000,0x00000000f9580000)
 ParOldGen       total 146432K, used 45529K [0x00000000a0000000, 0x00000000a8f00000, 0x00000000e0000000)
  object space 146432K, 31% used [0x00000000a0000000,0x00000000a2c76458,0x00000000a8f00000)
 Metaspace       used 75809K, capacity 79024K, committed 79320K, reserved 1118208K
  class space    used 10018K, capacity 10667K, committed 10752K, reserved 1048576K
Event: 197.313 GC heap after
Heap after GC invocations=19 (full 3):
 PSYoungGen      total 385536K, used 7381K [0x00000000e0000000, 0x00000000f9380000, 0x0000000100000000)
  eden space 360960K, 0% used [0x00000000e0000000,0x00000000e0000000,0x00000000f6080000)
  from space 24576K, 30% used [0x00000000f7b80000,0x00000000f82b5768,0x00000000f9380000)
  to   space 26112K, 0% used [0x00000000f6080000,0x00000000f6080000,0x00000000f7a00000)
 ParOldGen       total 146432K, used 47953K [0x00000000a0000000, 0x00000000a8f00000, 0x00000000e0000000)
  object space 146432K, 32% used [0x00000000a0000000,0x00000000a2ed4548,0x00000000a8f00000)
 Metaspace       used 75809K, capacity 79024K, committed 79320K, reserved 1118208K
  class space    used 10018K, capacity 10667K, committed 10752K, reserved 1048576K
}

